<?xml version="1.0" encoding="UTF-8"?>
<!-- Generated by org.testng.reporters.JUnitReportReporter -->
<testsuite hostname="IA-BTM-L064" failures="1" tests="10" name="runners.TestRunner" time="9.287" errors="0" timestamp="2025-06-15T10:32:24 WIB" skipped="0">
  <testcase classname="runners.TestRunner" name="runScenario" time="1.115"/>
  <testcase classname="runners.TestRunner" name="runScenario" time="0.758"/>
  <testcase classname="runners.TestRunner" name="runScenario" time="0.410"/>
  <testcase classname="runners.TestRunner" name="runScenario" time="0.639"/>
  <testcase classname="runners.TestRunner" name="runScenario" time="0.662"/>
  <testcase classname="runners.TestRunner" name="runScenario" time="0.663"/>
  <testcase classname="runners.TestRunner" name="runScenario" time="1.394"/>
  <testcase classname="runners.TestRunner" name="runScenario" time="0.596"/>
  <testcase classname="runners.TestRunner" name="runScenario" time="2.387">
    <failure message="1 expectation failed.
Response body doesn&#039;t match expectation.
Expected: The content to match the given JSON schema.
error: object has missing required properties ([&quot;create_at&quot;,&quot;department&quot;,&quot;email&quot;,&quot;full_name&quot;,&quot;id&quot;,&quot;phone_number&quot;,&quot;update_at&quot;])
    level: &quot;error&quot;
    schema: {&quot;loadingURI&quot;:&quot;file:/C:/Users/trisni.yuliana/Downloads/Bootcamp/apiautomation/target/test-classes/register-schema.json#&quot;,&quot;pointer&quot;:&quot;&quot;}
    instance: {&quot;pointer&quot;:&quot;&quot;}
    domain: &quot;validation&quot;
    keyword: &quot;required&quot;
    required: [&quot;create_at&quot;,&quot;department&quot;,&quot;email&quot;,&quot;full_name&quot;,&quot;id&quot;,&quot;phone_number&quot;,&quot;update_at&quot;]
    missing: [&quot;create_at&quot;,&quot;department&quot;,&quot;email&quot;,&quot;full_name&quot;,&quot;id&quot;,&quot;phone_number&quot;,&quot;update_at&quot;]

  Actual: {&quot;result&quot;:&quot;failed&quot;,&quot;message&quot;:&quot;Email = testqa.wrc96@gmail.com already registered&quot;}
" type="java.lang.AssertionError">
      <![CDATA[java.lang.AssertionError: 1 expectation failed.
Response body doesn't match expectation.
Expected: The content to match the given JSON schema.
error: object has missing required properties (["create_at","department","email","full_name","id","phone_number","update_at"])
    level: "error"
    schema: {"loadingURI":"file:/C:/Users/trisni.yuliana/Downloads/Bootcamp/apiautomation/target/test-classes/register-schema.json#","pointer":""}
    instance: {"pointer":""}
    domain: "validation"
    keyword: "required"
    required: ["create_at","department","email","full_name","id","phone_number","update_at"]
    missing: ["create_at","department","email","full_name","id","phone_number","update_at"]

  Actual: {"result":"failed","message":"Email = testqa.wrc96@gmail.com already registered"}

at java.base/jdk.internal.reflect.DirectConstructorHandleAccessor.newInstance(DirectConstructorHandleAccessor.java:62)
at java.base/java.lang.reflect.Constructor.newInstanceWithCaller(Constructor.java:499)
at java.base/java.lang.reflect.Constructor.newInstance(Constructor.java:483)
at org.codehaus.groovy.reflection.CachedConstructor.invoke(CachedConstructor.java:73)
at org.codehaus.groovy.runtime.callsite.ConstructorSite$ConstructorSiteNoUnwrapNoCoerce.callConstructor(ConstructorSite.java:108)
at org.codehaus.groovy.runtime.callsite.CallSiteArray.defaultCallConstructor(CallSiteArray.java:57)
at org.codehaus.groovy.runtime.callsite.AbstractCallSite.callConstructor(AbstractCallSite.java:263)
at org.codehaus.groovy.runtime.callsite.AbstractCallSite.callConstructor(AbstractCallSite.java:277)
at io.restassured.internal.ResponseSpecificationImpl$HamcrestAssertionClosure.validate(ResponseSpecificationImpl.groovy:512)
at io.restassured.internal.ResponseSpecificationImpl$HamcrestAssertionClosure$validate$1.call(Unknown Source)
at org.codehaus.groovy.runtime.callsite.CallSiteArray.defaultCall(CallSiteArray.java:45)
at org.codehaus.groovy.runtime.callsite.AbstractCallSite.call(AbstractCallSite.java:125)
at org.codehaus.groovy.runtime.callsite.AbstractCallSite.call(AbstractCallSite.java:139)
at io.restassured.internal.ResponseSpecificationImpl.validateResponseIfRequired(ResponseSpecificationImpl.groovy:696)
at io.restassured.internal.ResponseSpecificationImpl.this$2$validateResponseIfRequired(ResponseSpecificationImpl.groovy)
at java.base/jdk.internal.reflect.DirectMethodHandleAccessor.invoke(DirectMethodHandleAccessor.java:104)
at java.base/java.lang.reflect.Method.invoke(Method.java:565)
at org.codehaus.groovy.runtime.callsite.PlainObjectMetaMethodSite.doInvoke(PlainObjectMetaMethodSite.java:43)
at org.codehaus.groovy.runtime.callsite.PogoMetaMethodSite$PogoCachedMethodSiteNoUnwrapNoCoerce.invoke(PogoMetaMethodSite.java:198)
at org.codehaus.groovy.runtime.callsite.PogoMetaMethodSite.callCurrent(PogoMetaMethodSite.java:62)
at org.codehaus.groovy.runtime.callsite.CallSiteArray.defaultCallCurrent(CallSiteArray.java:49)
at org.codehaus.groovy.runtime.callsite.AbstractCallSite.callCurrent(AbstractCallSite.java:171)
at org.codehaus.groovy.runtime.callsite.AbstractCallSite.callCurrent(AbstractCallSite.java:185)
at io.restassured.internal.ResponseSpecificationImpl.body(ResponseSpecificationImpl.groovy:107)
at io.restassured.internal.ValidatableResponseOptionsImpl.body(ValidatableResponseOptionsImpl.java:238)
at definitions.RefactorDefinition.schema_validation(RefactorDefinition.java:106)
at âœ½.The response schema should be match with schema "register-schema.json"(file:///C:/Users/trisni.yuliana/Downloads/Bootcamp/apiautomation/src/test/resources/features/API.feature:15)
]]>
    </failure>
  </testcase> <!-- runScenario -->
  <testcase classname="runners.TestRunner" name="runScenario" time="0.663"/>
</testsuite> <!-- runners.TestRunner -->
